<?xml version="1.0" encoding="UTF-8"?>
<!-- Generated by org.testng.reporters.JUnitXMLReporter -->
<testsuite ignored="0" hostname="LP-PF37LJCH" failures="0" tests="9" name="Default test" time="173.577" errors="0" timestamp="2022-11-10T14:35:31 ICT">
  <testcase classname="com.test.HomePageTest" name="TittleTest" time="2.083"/>
  <testcase classname="com.test.HomePageTest" name="CancelButtonAddTest" time="1.294"/>
  <testcase classname="com.test.HomePageTest" name="CancelButtonEditTest" time="2.359"/>
  <testcase classname="com.test.HomePageTest" name="CancelButtonDeleteTest" time="2.284"/>
  <testcase classname="com.test.HomePageTest" name="AddEmployeeTest" time="3.005"/>
  <testcase classname="com.test.HomePageTest" name="EditEmployeeTest" time="12.0"/>
  <testcase classname="com.test.HomePageTest" name="DeleteTest" time="5.369"/>
  <testcase classname="com.test.HomePageTest" name="SearchTest" time="5.341"/>
  <testcase classname="com.test.HomePageTest" name="SearchIdTest" time="5.274"/>
</testsuite> <!-- Default test -->
