<?xml version="1.0" encoding="UTF-8"?>
<testng-results ignored="0" total="9" passed="9" failed="0" skipped="0">
  <reporter-output>
  </reporter-output>
  <suite started-at="2022-11-10T14:32:38 ICT" name="Default suite" finished-at="2022-11-10T14:35:31 ICT" duration-ms="173577">
    <groups>
    </groups>
    <test started-at="2022-11-10T14:32:38 ICT" name="Default test" finished-at="2022-11-10T14:35:31 ICT" duration-ms="173577">
      <class name="com.test.HomePageTest">
        <test-method is-config="true" signature="Setup()[pri:0, instance:com.test.HomePageTest@163370c2]" started-at="2022-11-10T14:32:38 ICT" name="Setup" finished-at="2022-11-10T14:32:55 ICT" duration-ms="17561" status="PASS">
          <reporter-output>
          </reporter-output>
        </test-method> <!-- Setup -->
        <test-method signature="TittleTest()[pri:1, instance:com.test.HomePageTest@163370c2]" started-at="2022-11-10T14:32:55 ICT" name="TittleTest" finished-at="2022-11-10T14:32:57 ICT" duration-ms="2083" status="PASS">
          <reporter-output>
          </reporter-output>
        </test-method> <!-- TittleTest -->
        <test-method is-config="true" signature="teardown()[pri:0, instance:com.test.HomePageTest@163370c2]" started-at="2022-11-10T14:32:57 ICT" name="teardown" finished-at="2022-11-10T14:32:59 ICT" duration-ms="1193" status="PASS">
          <reporter-output>
          </reporter-output>
        </test-method> <!-- teardown -->
        <test-method is-config="true" signature="Setup()[pri:0, instance:com.test.HomePageTest@163370c2]" started-at="2022-11-10T14:32:59 ICT" name="Setup" finished-at="2022-11-10T14:33:10 ICT" duration-ms="11162" status="PASS">
          <reporter-output>
          </reporter-output>
        </test-method> <!-- Setup -->
        <test-method signature="CancelButtonAddTest()[pri:2, instance:com.test.HomePageTest@163370c2]" started-at="2022-11-10T14:33:10 ICT" name="CancelButtonAddTest" finished-at="2022-11-10T14:33:11 ICT" duration-ms="1294" status="PASS">
          <reporter-output>
          </reporter-output>
        </test-method> <!-- CancelButtonAddTest -->
        <test-method is-config="true" signature="teardown()[pri:0, instance:com.test.HomePageTest@163370c2]" started-at="2022-11-10T14:33:11 ICT" name="teardown" finished-at="2022-11-10T14:33:12 ICT" duration-ms="912" status="PASS">
          <reporter-output>
          </reporter-output>
        </test-method> <!-- teardown -->
        <test-method is-config="true" signature="Setup()[pri:0, instance:com.test.HomePageTest@163370c2]" started-at="2022-11-10T14:33:12 ICT" name="Setup" finished-at="2022-11-10T14:33:24 ICT" duration-ms="12328" status="PASS">
          <reporter-output>
          </reporter-output>
        </test-method> <!-- Setup -->
        <test-method signature="CancelButtonEditTest()[pri:3, instance:com.test.HomePageTest@163370c2]" started-at="2022-11-10T14:33:24 ICT" name="CancelButtonEditTest" finished-at="2022-11-10T14:33:27 ICT" duration-ms="2359" status="PASS">
          <reporter-output>
          </reporter-output>
        </test-method> <!-- CancelButtonEditTest -->
        <test-method is-config="true" signature="teardown()[pri:0, instance:com.test.HomePageTest@163370c2]" started-at="2022-11-10T14:33:27 ICT" name="teardown" finished-at="2022-11-10T14:33:28 ICT" duration-ms="1118" status="PASS">
          <reporter-output>
          </reporter-output>
        </test-method> <!-- teardown -->
        <test-method is-config="true" signature="Setup()[pri:0, instance:com.test.HomePageTest@163370c2]" started-at="2022-11-10T14:33:28 ICT" name="Setup" finished-at="2022-11-10T14:33:49 ICT" duration-ms="21150" status="PASS">
          <reporter-output>
          </reporter-output>
        </test-method> <!-- Setup -->
        <test-method signature="CancelButtonDeleteTest()[pri:4, instance:com.test.HomePageTest@163370c2]" started-at="2022-11-10T14:33:49 ICT" name="CancelButtonDeleteTest" finished-at="2022-11-10T14:33:51 ICT" duration-ms="2284" status="PASS">
          <reporter-output>
          </reporter-output>
        </test-method> <!-- CancelButtonDeleteTest -->
        <test-method is-config="true" signature="teardown()[pri:0, instance:com.test.HomePageTest@163370c2]" started-at="2022-11-10T14:33:51 ICT" name="teardown" finished-at="2022-11-10T14:33:52 ICT" duration-ms="1154" status="PASS">
          <reporter-output>
          </reporter-output>
        </test-method> <!-- teardown -->
        <test-method is-config="true" signature="Setup()[pri:0, instance:com.test.HomePageTest@163370c2]" started-at="2022-11-10T14:33:52 ICT" name="Setup" finished-at="2022-11-10T14:34:06 ICT" duration-ms="13770" status="PASS">
          <reporter-output>
          </reporter-output>
        </test-method> <!-- Setup -->
        <test-method signature="AddEmployeeTest()[pri:5, instance:com.test.HomePageTest@163370c2]" started-at="2022-11-10T14:34:06 ICT" name="AddEmployeeTest" finished-at="2022-11-10T14:34:09 ICT" duration-ms="3005" status="PASS">
          <reporter-output>
          </reporter-output>
        </test-method> <!-- AddEmployeeTest -->
        <test-method is-config="true" signature="teardown()[pri:0, instance:com.test.HomePageTest@163370c2]" started-at="2022-11-10T14:34:09 ICT" name="teardown" finished-at="2022-11-10T14:34:10 ICT" duration-ms="806" status="PASS">
          <reporter-output>
          </reporter-output>
        </test-method> <!-- teardown -->
        <test-method is-config="true" signature="Setup()[pri:0, instance:com.test.HomePageTest@163370c2]" started-at="2022-11-10T14:34:10 ICT" name="Setup" finished-at="2022-11-10T14:34:23 ICT" duration-ms="12516" status="PASS">
          <reporter-output>
          </reporter-output>
        </test-method> <!-- Setup -->
        <test-method signature="EditEmployeeTest()[pri:6, instance:com.test.HomePageTest@163370c2]" started-at="2022-11-10T14:34:23 ICT" name="EditEmployeeTest" finished-at="2022-11-10T14:34:35 ICT" duration-ms="12000" status="PASS">
          <reporter-output>
          </reporter-output>
        </test-method> <!-- EditEmployeeTest -->
        <test-method is-config="true" signature="teardown()[pri:0, instance:com.test.HomePageTest@163370c2]" started-at="2022-11-10T14:34:35 ICT" name="teardown" finished-at="2022-11-10T14:34:35 ICT" duration-ms="952" status="PASS">
          <reporter-output>
          </reporter-output>
        </test-method> <!-- teardown -->
        <test-method is-config="true" signature="Setup()[pri:0, instance:com.test.HomePageTest@163370c2]" started-at="2022-11-10T14:34:35 ICT" name="Setup" finished-at="2022-11-10T14:34:47 ICT" duration-ms="11095" status="PASS">
          <reporter-output>
          </reporter-output>
        </test-method> <!-- Setup -->
        <test-method signature="DeleteTest()[pri:7, instance:com.test.HomePageTest@163370c2]" started-at="2022-11-10T14:34:47 ICT" name="DeleteTest" finished-at="2022-11-10T14:34:52 ICT" duration-ms="5369" status="PASS">
          <reporter-output>
          </reporter-output>
        </test-method> <!-- DeleteTest -->
        <test-method is-config="true" signature="teardown()[pri:0, instance:com.test.HomePageTest@163370c2]" started-at="2022-11-10T14:34:52 ICT" name="teardown" finished-at="2022-11-10T14:34:53 ICT" duration-ms="1242" status="PASS">
          <reporter-output>
          </reporter-output>
        </test-method> <!-- teardown -->
        <test-method is-config="true" signature="Setup()[pri:0, instance:com.test.HomePageTest@163370c2]" started-at="2022-11-10T14:34:53 ICT" name="Setup" finished-at="2022-11-10T14:35:06 ICT" duration-ms="12822" status="PASS">
          <reporter-output>
          </reporter-output>
        </test-method> <!-- Setup -->
        <test-method signature="SearchTest()[pri:8, instance:com.test.HomePageTest@163370c2]" started-at="2022-11-10T14:35:06 ICT" name="SearchTest" finished-at="2022-11-10T14:35:11 ICT" duration-ms="5341" status="PASS">
          <reporter-output>
          </reporter-output>
        </test-method> <!-- SearchTest -->
        <test-method is-config="true" signature="teardown()[pri:0, instance:com.test.HomePageTest@163370c2]" started-at="2022-11-10T14:35:11 ICT" name="teardown" finished-at="2022-11-10T14:35:13 ICT" duration-ms="1216" status="PASS">
          <reporter-output>
          </reporter-output>
        </test-method> <!-- teardown -->
        <test-method is-config="true" signature="Setup()[pri:0, instance:com.test.HomePageTest@163370c2]" started-at="2022-11-10T14:35:13 ICT" name="Setup" finished-at="2022-11-10T14:35:25 ICT" duration-ms="12197" status="PASS">
          <reporter-output>
          </reporter-output>
        </test-method> <!-- Setup -->
        <test-method signature="SearchIdTest()[pri:9, instance:com.test.HomePageTest@163370c2]" started-at="2022-11-10T14:35:25 ICT" name="SearchIdTest" finished-at="2022-11-10T14:35:30 ICT" duration-ms="5274" status="PASS">
          <reporter-output>
          </reporter-output>
        </test-method> <!-- SearchIdTest -->
        <test-method is-config="true" signature="teardown()[pri:0, instance:com.test.HomePageTest@163370c2]" started-at="2022-11-10T14:35:30 ICT" name="teardown" finished-at="2022-11-10T14:35:31 ICT" duration-ms="1233" status="PASS">
          <reporter-output>
          </reporter-output>
        </test-method> <!-- teardown -->
      </class> <!-- com.test.HomePageTest -->
    </test> <!-- Default test -->
  </suite> <!-- Default suite -->
</testng-results>
